<?xml version="1.0" encoding="UTF-8"?>
<testng-results ignored="0" total="5" passed="5" failed="0" skipped="0">
  <reporter-output>
  </reporter-output>
  <suite started-at="2021-09-29T01:07:41 IST" name="Regression1" finished-at="2021-09-29T01:07:48 IST" duration-ms="7020">
    <groups>
    </groups>
    <test started-at="2021-09-29T01:07:41 IST" name="API" finished-at="2021-09-29T01:07:48 IST" duration-ms="7020">
      <class name="TestCases.TC_01Getuser">
        <test-method signature="testAllUser()[pri:1, instance:TestCases.TC_01Getuser@1d7acb34]" started-at="2021-09-29T01:07:41 IST" name="testAllUser" finished-at="2021-09-29T01:07:44 IST" duration-ms="3789" status="PASS">
          <reporter-output>
          </reporter-output>
        </test-method> <!-- testAllUser -->
        <test-method signature="testCreateUser()[pri:2, instance:TestCases.TC_01Getuser@1d7acb34]" started-at="2021-09-29T01:07:44 IST" name="testCreateUser" finished-at="2021-09-29T01:07:46 IST" duration-ms="1117" status="PASS">
          <reporter-output>
          </reporter-output>
        </test-method> <!-- testCreateUser -->
        <test-method signature="testGetById()[pri:3, instance:TestCases.TC_01Getuser@1d7acb34]" started-at="2021-09-29T01:07:46 IST" name="testGetById" finished-at="2021-09-29T01:07:47 IST" duration-ms="966" status="PASS">
          <reporter-output>
          </reporter-output>
        </test-method> <!-- testGetById -->
        <test-method signature="testUpdateUser()[pri:4, instance:TestCases.TC_01Getuser@1d7acb34]" started-at="2021-09-29T01:07:47 IST" name="testUpdateUser" finished-at="2021-09-29T01:07:47 IST" duration-ms="591" status="PASS">
          <reporter-output>
          </reporter-output>
        </test-method> <!-- testUpdateUser -->
        <test-method signature="testDeleteUser()[pri:5, instance:TestCases.TC_01Getuser@1d7acb34]" started-at="2021-09-29T01:07:47 IST" name="testDeleteUser" finished-at="2021-09-29T01:07:48 IST" duration-ms="476" status="PASS">
          <reporter-output>
          </reporter-output>
        </test-method> <!-- testDeleteUser -->
      </class> <!-- TestCases.TC_01Getuser -->
    </test> <!-- API -->
  </suite> <!-- Regression1 -->
</testng-results>
